{
  "0 debug pnpm:scope": {
    "selected": 1,
    "workspacePrefix": "/home/andri/git/andri.dk"
  },
  "1 debug pnpm:package-manifest": {
    "initial": {
      "name": "social-cards",
      "version": "1.0.0",
      "description": "",
      "main": "index.js",
      "scripts": {
        "test": "echo \"Error: no test specified\" && exit 1"
      },
      "keywords": [],
      "author": "",
      "license": "ISC"
    },
    "prefix": "/home/andri/git/andri.dk/packages/social-cards"
  },
  "2 debug pnpm:context": {
    "currentLockfileExists": true,
    "storeDir": "/home/andri/.local/share/pnpm/store/v3",
    "virtualStoreDir": "/home/andri/git/andri.dk/node_modules/.pnpm"
  },
  "3 debug pnpm:stage": {
    "prefix": "/home/andri/git/andri.dk",
    "stage": "resolution_started"
  },
  "4 error pnpm": {
    "code": "ERR_PNPM_FETCH_404",
    "hint": "resvg-js is not in the npm registry, or you have no permission to fetch it.\n\nNo authorization header was set for the request.",
    "request": {
      "url": "https://registry.npmjs.org/resvg-js"
    },
    "response": {
      "size": 0
    },
    "pkgName": "resvg-js",
    "spec": {
      "fetchSpec": "latest",
      "name": "resvg-js",
      "type": "tag"
    },
    "pkgsStack": [],
    "err": {
      "name": "pnpm",
      "message": "GET https://registry.npmjs.org/resvg-js: Not Found - 404",
      "code": "ERR_PNPM_FETCH_404",
      "stack": "pnpm: GET https://registry.npmjs.org/resvg-js: Not Found - 404\n    at RetryOperation._fn (/home/andri/.nvm/versions/node/v16.15.0/lib/node_modules/pnpm/dist/pnpm.cjs:84538:19)\n    at processTicksAndRejections (node:internal/process/task_queues:96:5)"
    }
  }
}